This is pdfTeX, Version 3.1415926-2.3-1.40.12 (MiKTeX 2.9) (preloaded format=pdflatex 2016.4.11)  19 OCT 2018 21:55
entering extended mode
**D:/Desktopbak/DSP/ThinkDSP/book/book.tex
(D:/Desktopbak/DSP/ThinkDSP/book/book.tex
LaTeX2e <2011/06/27>
Babel <v3.8m> and hyphenation patterns for loaded.
(G:\ctex\MiKTeX\tex\latex\base\book.cls
Document Class: book 2007/10/19 v1.4h Standard LaTeX document class
(G:\ctex\MiKTeX\tex\latex\base\bk12.clo
File: bk12.clo 2007/10/19 v1.4h Standard LaTeX file (size option)
)
\c@part=\count79
\c@chapter=\count80
\c@section=\count81
\c@subsection=\count82
\c@subsubsection=\count83
\c@paragraph=\count84
\c@subparagraph=\count85
\c@figure=\count86
\c@table=\count87
\abovecaptionskip=\skip41
\belowcaptionskip=\skip42
\bibindent=\dimen102
)
(G:\ctex\MiKTeX\tex\latex\geometry\geometry.sty
Package: geometry 2010/09/12 v5.6 Page Geometry

(G:\ctex\MiKTeX\tex\latex\graphics\keyval.sty
Package: keyval 1999/03/16 v1.13 key=value parser (DPC)
\KV@toks@=\toks14
)
(G:\ctex\MiKTeX\tex\generic\oberdiek\ifpdf.sty
Package: ifpdf 2011/01/30 v2.3 Provides the ifpdf switch (HO)
Package ifpdf Info: pdfTeX in PDF mode is detected.
)
(G:\ctex\MiKTeX\tex\generic\oberdiek\ifvtex.sty
Package: ifvtex 2010/03/01 v1.5 Switches for detecting VTeX and its modes (HO)
Package ifvtex Info: VTeX not detected.
)
(G:\ctex\MiKTeX\tex\generic\ifxetex\ifxetex.sty
Package: ifxetex 2010/09/12 v0.6 Provides ifxetex conditional
)
\Gm@cnth=\count88
\Gm@cntv=\count89
\c@Gm@tempcnt=\count90
\Gm@bindingoffset=\dimen103
\Gm@wd@mp=\dimen104
\Gm@odd@mp=\dimen105
\Gm@even@mp=\dimen106
\Gm@layoutwidth=\dimen107
\Gm@layoutheight=\dimen108
\Gm@layouthoffset=\dimen109
\Gm@layoutvoffset=\dimen110
\Gm@dimlist=\toks15

(G:\ctex\MiKTeX\tex\latex\geometry\geometry.cfg))
(G:\ctex\MiKTeX\tex\latex\base\fontenc.sty
Package: fontenc 2005/09/27 v1.99g Standard LaTeX package

(G:\ctex\MiKTeX\tex\latex\base\t1enc.def
File: t1enc.def 2005/09/27 v1.99g Standard LaTeX file
LaTeX Font Info:    Redeclaring font encoding T1 on input line 43.
))
(G:\ctex\MiKTeX\tex\latex\base\textcomp.sty
Package: textcomp 2005/09/27 v1.99g Standard LaTeX package
Package textcomp Info: Sub-encoding information:
(textcomp)               5 = only ISO-Adobe without \textcurrency
(textcomp)               4 = 5 + \texteuro
(textcomp)               3 = 4 + \textohm
(textcomp)               2 = 3 + \textestimated + \textcurrency
(textcomp)               1 = TS1 - \textcircled - \t
(textcomp)               0 = TS1 (full)
(textcomp)             Font families with sub-encoding setting implement
(textcomp)             only a restricted character set as indicated.
(textcomp)             Family '?' is the default used for unknown fonts.
(textcomp)             See the documentation for details.
Package textcomp Info: Setting ? sub-encoding to TS1/1 on input line 71.

(G:\ctex\MiKTeX\tex\latex\base\ts1enc.def
File: ts1enc.def 2001/06/05 v3.0e (jk/car/fm) Standard LaTeX file
)
LaTeX Info: Redefining \oldstylenums on input line 266.
Package textcomp Info: Setting cmr sub-encoding to TS1/0 on input line 281.
Package textcomp Info: Setting cmss sub-encoding to TS1/0 on input line 282.
Package textcomp Info: Setting cmtt sub-encoding to TS1/0 on input line 283.
Package textcomp Info: Setting cmvtt sub-encoding to TS1/0 on input line 284.
Package textcomp Info: Setting cmbr sub-encoding to TS1/0 on input line 285.
Package textcomp Info: Setting cmtl sub-encoding to TS1/0 on input line 286.
Package textcomp Info: Setting ccr sub-encoding to TS1/0 on input line 287.
Package textcomp Info: Setting ptm sub-encoding to TS1/4 on input line 288.
Package textcomp Info: Setting pcr sub-encoding to TS1/4 on input line 289.
Package textcomp Info: Setting phv sub-encoding to TS1/4 on input line 290.
Package textcomp Info: Setting ppl sub-encoding to TS1/3 on input line 291.
Package textcomp Info: Setting pag sub-encoding to TS1/4 on input line 292.
Package textcomp Info: Setting pbk sub-encoding to TS1/4 on input line 293.
Package textcomp Info: Setting pnc sub-encoding to TS1/4 on input line 294.
Package textcomp Info: Setting pzc sub-encoding to TS1/4 on input line 295.
Package textcomp Info: Setting bch sub-encoding to TS1/4 on input line 296.
Package textcomp Info: Setting put sub-encoding to TS1/5 on input line 297.
Package textcomp Info: Setting uag sub-encoding to TS1/5 on input line 298.
Package textcomp Info: Setting ugq sub-encoding to TS1/5 on input line 299.
Package textcomp Info: Setting ul8 sub-encoding to TS1/4 on input line 300.
Package textcomp Info: Setting ul9 sub-encoding to TS1/4 on input line 301.
Package textcomp Info: Setting augie sub-encoding to TS1/5 on input line 302.
Package textcomp Info: Setting dayrom sub-encoding to TS1/3 on input line 303.
Package textcomp Info: Setting dayroms sub-encoding to TS1/3 on input line 304.

Package textcomp Info: Setting pxr sub-encoding to TS1/0 on input line 305.
Package textcomp Info: Setting pxss sub-encoding to TS1/0 on input line 306.
Package textcomp Info: Setting pxtt sub-encoding to TS1/0 on input line 307.
Package textcomp Info: Setting txr sub-encoding to TS1/0 on input line 308.
Package textcomp Info: Setting txss sub-encoding to TS1/0 on input line 309.
Package textcomp Info: Setting txtt sub-encoding to TS1/0 on input line 310.
Package textcomp Info: Setting lmr sub-encoding to TS1/0 on input line 311.
Package textcomp Info: Setting lmdh sub-encoding to TS1/0 on input line 312.
Package textcomp Info: Setting lmss sub-encoding to TS1/0 on input line 313.
Package textcomp Info: Setting lmssq sub-encoding to TS1/0 on input line 314.
Package textcomp Info: Setting lmvtt sub-encoding to TS1/0 on input line 315.
Package textcomp Info: Setting qhv sub-encoding to TS1/0 on input line 316.
Package textcomp Info: Setting qag sub-encoding to TS1/0 on input line 317.
Package textcomp Info: Setting qbk sub-encoding to TS1/0 on input line 318.
Package textcomp Info: Setting qcr sub-encoding to TS1/0 on input line 319.
Package textcomp Info: Setting qcs sub-encoding to TS1/0 on input line 320.
Package textcomp Info: Setting qpl sub-encoding to TS1/0 on input line 321.
Package textcomp Info: Setting qtm sub-encoding to TS1/0 on input line 322.
Package textcomp Info: Setting qzc sub-encoding to TS1/0 on input line 323.
Package textcomp Info: Setting qhvc sub-encoding to TS1/0 on input line 324.
Package textcomp Info: Setting futs sub-encoding to TS1/4 on input line 325.
Package textcomp Info: Setting futx sub-encoding to TS1/4 on input line 326.
Package textcomp Info: Setting futj sub-encoding to TS1/4 on input line 327.
Package textcomp Info: Setting hlh sub-encoding to TS1/3 on input line 328.
Package textcomp Info: Setting hls sub-encoding to TS1/3 on input line 329.
Package textcomp Info: Setting hlst sub-encoding to TS1/3 on input line 330.
Package textcomp Info: Setting hlct sub-encoding to TS1/5 on input line 331.
Package textcomp Info: Setting hlx sub-encoding to TS1/5 on input line 332.
Package textcomp Info: Setting hlce sub-encoding to TS1/5 on input line 333.
Package textcomp Info: Setting hlcn sub-encoding to TS1/5 on input line 334.
Package textcomp Info: Setting hlcw sub-encoding to TS1/5 on input line 335.
Package textcomp Info: Setting hlcf sub-encoding to TS1/5 on input line 336.
Package textcomp Info: Setting pplx sub-encoding to TS1/3 on input line 337.
Package textcomp Info: Setting pplj sub-encoding to TS1/3 on input line 338.
Package textcomp Info: Setting ptmx sub-encoding to TS1/4 on input line 339.
Package textcomp Info: Setting ptmj sub-encoding to TS1/4 on input line 340.
)
(G:\ctex\MiKTeX\tex\latex\psnfss\mathpazo.sty
Package: mathpazo 2005/04/12 PSNFSS-v9.2a Palatino w/ Pazo Math (D.Puga, WaS) 
\symupright=\mathgroup4
)
(G:\ctex\MiKTeX\tex\latex\ltxmisc\url.sty
\Urlmuskip=\muskip10
Package: url 2006/04/12  ver 3.3  Verb mode for urls, etc.
)
(G:\ctex\MiKTeX\tex\latex\graphics\graphicx.sty
Package: graphicx 1999/02/16 v1.0f Enhanced LaTeX Graphics (DPC,SPQR)

(G:\ctex\MiKTeX\tex\latex\graphics\graphics.sty
Package: graphics 2009/02/05 v1.0o Standard LaTeX Graphics (DPC,SPQR)

(G:\ctex\MiKTeX\tex\latex\graphics\trig.sty
Package: trig 1999/03/16 v1.09 sin cos tan (DPC)
)
(G:\ctex\MiKTeX\tex\latex\00miktex\graphics.cfg
File: graphics.cfg 2007/01/18 v1.5 graphics configuration of teTeX/TeXLive
)
Package graphics Info: Driver file: pdftex.def on input line 91.

(G:\ctex\MiKTeX\tex\latex\pdftex-def\pdftex.def
File: pdftex.def 2011/05/27 v0.06d Graphics/color for pdfTeX

(G:\ctex\MiKTeX\tex\generic\oberdiek\infwarerr.sty
Package: infwarerr 2010/04/08 v1.3 Providing info/warning/message (HO)
)
(G:\ctex\MiKTeX\tex\generic\oberdiek\ltxcmds.sty
Package: ltxcmds 2011/04/18 v1.20 LaTeX kernel commands for general use (HO)
)
\Gread@gobject=\count91
))
\Gin@req@height=\dimen111
\Gin@req@width=\dimen112
)
(G:\ctex\MiKTeX\tex\latex\subfig\subfig.sty
Package: subfig 2005/06/28 ver: 1.3 subfig package

(G:\ctex\MiKTeX\tex\latex\caption\caption.sty
Package: caption 2011/11/10 v3.2e Customizing captions (AR)

(G:\ctex\MiKTeX\tex\latex\caption\caption3.sty
Package: caption3 2011/11/01 v1.4a caption3 kernel (AR)
\captionmargin=\dimen113
\captionmargin@=\dimen114
\captionwidth=\dimen115
\caption@indent=\dimen116
\caption@parindent=\dimen117
\caption@hangindent=\dimen118
)
\c@ContinuedFloat=\count92
)
\c@KVtest=\count93
\sf@farskip=\skip43
\sf@captopadj=\dimen119
\sf@capskip=\skip44
\sf@nearskip=\skip45
\c@subfigure=\count94
\c@subfigure@save=\count95
\c@lofdepth=\count96
\c@subtable=\count97
\c@subtable@save=\count98
\c@lotdepth=\count99
\sf@top=\skip46
\sf@bottom=\skip47
)
(G:\ctex\MiKTeX\tex\latex\ams\math\amsmath.sty
Package: amsmath 2000/07/18 v2.13 AMS math features
\@mathmargin=\skip48

For additional information on amsmath, use the `?' option.
(G:\ctex\MiKTeX\tex\latex\ams\math\amstext.sty
Package: amstext 2000/06/29 v2.01

(G:\ctex\MiKTeX\tex\latex\ams\math\amsgen.sty
File: amsgen.sty 1999/11/30 v2.0
\@emptytoks=\toks16
\ex@=\dimen120
))
(G:\ctex\MiKTeX\tex\latex\ams\math\amsbsy.sty
Package: amsbsy 1999/11/29 v1.2d
\pmbraise@=\dimen121
)
(G:\ctex\MiKTeX\tex\latex\ams\math\amsopn.sty
Package: amsopn 1999/12/14 v2.01 operator names
)
\inf@bad=\count100
LaTeX Info: Redefining \frac on input line 211.
\uproot@=\count101
\leftroot@=\count102
LaTeX Info: Redefining \overline on input line 307.
\classnum@=\count103
\DOTSCASE@=\count104
LaTeX Info: Redefining \ldots on input line 379.
LaTeX Info: Redefining \dots on input line 382.
LaTeX Info: Redefining \cdots on input line 467.
\Mathstrutbox@=\box26
\strutbox@=\box27
\big@size=\dimen122
LaTeX Font Info:    Redeclaring font encoding OML on input line 567.
LaTeX Font Info:    Redeclaring font encoding OMS on input line 568.
\macc@depth=\count105
\c@MaxMatrixCols=\count106
\dotsspace@=\muskip11
\c@parentequation=\count107
\dspbrk@lvl=\count108
\tag@help=\toks17
\row@=\count109
\column@=\count110
\maxfields@=\count111
\andhelp@=\toks18
\eqnshift@=\dimen123
\alignsep@=\dimen124
\tagshift@=\dimen125
\tagwidth@=\dimen126
\totwidth@=\dimen127
\lineht@=\dimen128
\@envbody=\toks19
\multlinegap=\skip49
\multlinetaggap=\skip50
\mathdisplay@stack=\toks20
LaTeX Info: Redefining \[ on input line 2666.
LaTeX Info: Redefining \] on input line 2667.
)
(G:\ctex\MiKTeX\tex\latex\ams\classes\amsthm.sty
Package: amsthm 2004/08/06 v2.20
\thm@style=\toks21
\thm@bodyfont=\toks22
\thm@headfont=\toks23
\thm@notefont=\toks24
\thm@headpunct=\toks25
\thm@preskip=\skip51
\thm@postskip=\skip52
\thm@headsep=\skip53
\dth@everypar=\toks26
)
(G:\ctex\MiKTeX\tex\latex\base\makeidx.sty
Package: makeidx 2000/03/29 v1.0m Standard LaTeX package
)
(G:\ctex\MiKTeX\tex\latex\setspace\setspace.sty
Package: setspace 2011/12/19 v6.7a set line spacing
)
(D:\Desktopbak\DSP\ThinkDSP\book\hevea.sty
Package: hevea 2002/01/11

(G:\ctex\MiKTeX\tex\latex\comment\comment.sty
\CommentStream=\write3
 Excluding comment 'comment')
\c@cuttingdepth=\count112

Excluding comment 'rawhtml' Excluding comment 'htmlonly'
\@bgcolorbin=\box28
)
(G:\ctex\MiKTeX\tex\latex\upquote\upquote.sty
Package: upquote 2003/08/11 v1.1 Covington's upright-quote modification to verb
atim and verb
)
(G:\ctex\MiKTeX\tex\latex\fancyhdr\fancyhdr.sty
\fancy@headwidth=\skip54
\f@ncyO@elh=\skip55
\f@ncyO@erh=\skip56
\f@ncyO@olh=\skip57
\f@ncyO@orh=\skip58
\f@ncyO@elf=\skip59
\f@ncyO@erf=\skip60
\f@ncyO@olf=\skip61
\f@ncyO@orf=\skip62
)
(G:\ctex\MiKTeX\tex\latex\hyperref\hyperref.sty
Package: hyperref 2012/02/06 v6.82o Hypertext links for LaTeX

(G:\ctex\MiKTeX\tex\generic\oberdiek\hobsub-hyperref.sty
Package: hobsub-hyperref 2011/04/23 v1.4 Bundle oberdiek, subset hyperref (HO)

(G:\ctex\MiKTeX\tex\generic\oberdiek\hobsub-generic.sty
Package: hobsub-generic 2011/04/23 v1.4 Bundle oberdiek, subset generic (HO)
Package: hobsub 2011/04/23 v1.4 Subsetting bundle oberdiek (HO)
Package hobsub Info: Skipping package `infwarerr' (already loaded).
Package hobsub Info: Skipping package `ltxcmds' (already loaded).
Package: ifluatex 2010/03/01 v1.3 Provides the ifluatex switch (HO)
Package ifluatex Info: LuaTeX not detected.
Package hobsub Info: Skipping package `ifvtex' (already loaded).
Package: intcalc 2007/09/27 v1.1 Expandable integer calculations (HO)
Package hobsub Info: Skipping package `ifpdf' (already loaded).
Package: etexcmds 2011/02/16 v1.5 Prefix for e-TeX command names (HO)
Package etexcmds Info: Could not find \expanded.
(etexcmds)             That can mean that you are not using pdfTeX 1.50 or
(etexcmds)             that some package has redefined \expanded.
(etexcmds)             In the latter case, load this package earlier.
Package: kvsetkeys 2011/04/07 v1.13 Key value parser (HO)
Package: kvdefinekeys 2011/04/07 v1.3 Defining keys (HO)
Package: pdftexcmds 2011/04/22 v0.16 Utilities of pdfTeX for LuaTeX (HO)
Package pdftexcmds Info: LuaTeX not detected.
Package pdftexcmds Info: \pdf@primitive is available.
Package pdftexcmds Info: \pdf@ifprimitive is available.
Package pdftexcmds Info: \pdfdraftmode found.
Package: pdfescape 2011/04/04 v1.12 Provides string conversions (HO)
Package: bigintcalc 2011/01/30 v1.2 Expandable big integer calculations (HO)
Package: bitset 2011/01/30 v1.1 Data type bit set (HO)
Package: uniquecounter 2011/01/30 v1.2 Provides unlimited unique counter (HO)
)
Package hobsub Info: Skipping package `hobsub' (already loaded).
Package: letltxmacro 2010/09/02 v1.4 Let assignment for LaTeX macros (HO)
Package: hopatch 2011/01/30 v1.0 Wrapper for package hooks (HO)
Package: xcolor-patch 2011/01/30 xcolor patch
Package: atveryend 2011/04/23 v1.7 Hooks at very end of document (HO)
Package: atbegshi 2011/01/30 v1.15 At begin shipout hook (HO)
Package: refcount 2010/12/01 v3.2 Data extraction from references (HO)
Package: hycolor 2011/01/30 v1.7 Color options of hyperref/bookmark (HO)
)
(G:\ctex\MiKTeX\tex\latex\oberdiek\kvoptions.sty
Package: kvoptions 2010/12/23 v3.10 Keyval support for LaTeX options (HO)
)
\@linkdim=\dimen129
\Hy@linkcounter=\count113
\Hy@pagecounter=\count114

(G:\ctex\MiKTeX\tex\latex\hyperref\pd1enc.def
File: pd1enc.def 2012/02/06 v6.82o Hyperref: PDFDocEncoding definition (HO)
)
\Hy@SavedSpaceFactor=\count115

(G:\ctex\MiKTeX\tex\latex\00miktex\hyperref.cfg
File: hyperref.cfg 2002/06/06 v1.2 hyperref configuration of TeXLive
)
Package hyperref Info: Option `bookmarks' set `true' on input line 3925.
Package hyperref Info: Hyper figures OFF on input line 4046.
Package hyperref Info: Link nesting OFF on input line 4051.
Package hyperref Info: Hyper index ON on input line 4054.
Package hyperref Info: Plain pages OFF on input line 4061.
Package hyperref Info: Backreferencing OFF on input line 4066.
Package hyperref Info: Implicit mode ON; LaTeX internals redefined.
Package hyperref Info: Bookmarks ON on input line 4284.
\c@Hy@tempcnt=\count116
LaTeX Info: Redefining \url on input line 4637.
\Fld@menulength=\count117
\Field@Width=\dimen130
\Fld@charsize=\dimen131
Package hyperref Info: Hyper figures OFF on input line 5757.
Package hyperref Info: Link nesting OFF on input line 5762.
Package hyperref Info: Hyper index ON on input line 5765.
Package hyperref Info: backreferencing OFF on input line 5772.
Package hyperref Info: Link coloring OFF on input line 5777.
Package hyperref Info: Link coloring with OCG OFF on input line 5782.
Package hyperref Info: PDF/A mode OFF on input line 5787.
LaTeX Info: Redefining \ref on input line 5827.
LaTeX Info: Redefining \pageref on input line 5831.
\Hy@abspage=\count118
\c@Item=\count119
\c@Hfootnote=\count120
)

Package hyperref Message: Driver (autodetected): hpdftex.

(G:\ctex\MiKTeX\tex\latex\hyperref\hpdftex.def
File: hpdftex.def 2012/02/06 v6.82o Hyperref driver for pdfTeX
\Fld@listcount=\count121
\c@bookmark@seq@number=\count122

(G:\ctex\MiKTeX\tex\latex\oberdiek\rerunfilecheck.sty
Package: rerunfilecheck 2011/04/15 v1.7 Rerun checks for auxiliary files (HO)
Package uniquecounter Info: New unique counter `rerunfilecheck' on input line 2
82.
)
\Hy@SectionHShift=\skip63
)
\@indexfile=\write4

Writing index file book.idx
(D:\Desktopbak\DSP\ThinkDSP\book\book.aux)
LaTeX Font Info:    Checking defaults for OML/cmm/m/it on input line 52.
LaTeX Font Info:    ... okay on input line 52.
LaTeX Font Info:    Checking defaults for T1/cmr/m/n on input line 52.
LaTeX Font Info:    ... okay on input line 52.
LaTeX Font Info:    Checking defaults for OT1/cmr/m/n on input line 52.
LaTeX Font Info:    ... okay on input line 52.
LaTeX Font Info:    Checking defaults for OMS/cmsy/m/n on input line 52.
LaTeX Font Info:    ... okay on input line 52.
LaTeX Font Info:    Checking defaults for OMX/cmex/m/n on input line 52.
LaTeX Font Info:    ... okay on input line 52.
LaTeX Font Info:    Checking defaults for U/cmr/m/n on input line 52.
LaTeX Font Info:    ... okay on input line 52.
LaTeX Font Info:    Checking defaults for TS1/cmr/m/n on input line 52.
LaTeX Font Info:    Try loading font information for TS1+cmr on input line 52.

(G:\ctex\MiKTeX\tex\latex\base\ts1cmr.fd
File: ts1cmr.fd 1999/05/25 v2.5h Standard LaTeX font definitions
)
LaTeX Font Info:    ... okay on input line 52.
LaTeX Font Info:    Checking defaults for PD1/pdf/m/n on input line 52.
LaTeX Font Info:    ... okay on input line 52.
LaTeX Font Info:    Try loading font information for T1+ppl on input line 52.

(G:\ctex\MiKTeX\tex\latex\psnfss\t1ppl.fd
File: t1ppl.fd 2001/06/04 font definitions for T1/ppl.
)
*geometry* driver: auto-detecting
*geometry* detected driver: pdftex
*geometry* verbose mode - [ preamble ] result:
* driver: pdftex
* paper: <default>
* layout: <same size as paper>
* layoutoffset:(h,v)=(0.0pt,0.0pt)
* hratio: 3:2
* vratio: 1:1
* modes: twoside 
* h-part:(L,W,R)=(130.086pt, 397.48499pt, 86.72401pt)
* v-part:(T,H,B)=(90.3375pt, 614.295pt, 90.3375pt)
* \paperwidth=614.295pt
* \paperheight=794.96999pt
* \textwidth=397.48499pt
* \textheight=614.295pt
* \oddsidemargin=57.81601pt
* \evensidemargin=14.45403pt
* \topmargin=-13.80629pt
* \headheight=12.0pt
* \headsep=19.8738pt
* \topskip=12.0pt
* \footskip=30.0pt
* \marginparwidth=98.0pt
* \marginparsep=7.0pt
* \columnsep=10.0pt
* \skip\footins=10.8pt plus 4.0pt minus 2.0pt
* \hoffset=0.0pt
* \voffset=0.0pt
* \mag=1000
* \@twocolumnfalse
* \@twosidetrue
* \@mparswitchtrue
* \@reversemarginfalse
* (1in=72.27pt=25.4mm, 1cm=28.453pt)

(G:\ctex\MiKTeX\tex\context\base\supp-pdf.mkii
[Loading MPS to PDF converter (version 2006.09.02).]
\scratchcounter=\count123
\scratchdimen=\dimen132
\scratchbox=\box29
\nofMPsegments=\count124
\nofMParguments=\count125
\everyMPshowfont=\toks27
\MPscratchCnt=\count126
\MPscratchDim=\dimen133
\MPnumerator=\count127
\makeMPintoPDFobject=\count128
\everyMPtoPDFconversion=\toks28
)
Package caption Info: Begin \AtBeginDocument code.
Package caption Info: subfig package v1.3 is loaded.
Package caption Info: hyperref package is loaded.
Package caption Info: End \AtBeginDocument code.
\AtBeginShipoutBox=\box30
Package hyperref Info: Link coloring OFF on input line 52.
 (G:\ctex\MiKTeX\tex\latex\hyperref\nameref.sty
Package: nameref 2010/04/30 v2.40 Cross-referencing by name of section

(G:\ctex\MiKTeX\tex\generic\oberdiek\gettitlestring.sty
Package: gettitlestring 2010/12/03 v1.4 Cleanup title references (HO)
)
\c@section@level=\count129
)
LaTeX Info: Redefining \ref on input line 52.
LaTeX Info: Redefining \pageref on input line 52.
LaTeX Info: Redefining \nameref on input line 52.

(D:\Desktopbak\DSP\ThinkDSP\book\book.out)
(D:\Desktopbak\DSP\ThinkDSP\book\book.out)
\@outlinefile=\write5
\c@exercise=\count130


! LaTeX Error: File `latexonly.tex' not found.

Type X to quit or <RETURN> to proceed,
or enter new name. (Default extension: tex)

Enter file name: 

! LaTeX Error: \blankpage undefined.

See the LaTeX manual or LaTeX Companion for explanation.
Type  H <return>  for immediate help.
 ...                                              
                                                  
l.85 \renewcommand{\blankpage}
                              {\thispagestyle{empty} \quad \newpage}
? 
[1


{G:/ctex/UserData/pdftex/config/pdftex.map{Unicode.sfd}{UGBK.sfd}}] [2]
[3]
LaTeX Font Info:    Try loading font information for TS1+ppl on input line 152.

 (G:\ctex\MiKTeX\tex\latex\psnfss\ts1ppl.fd
File: ts1ppl.fd 2001/06/04 font definitions for TS1/ppl.
)
LaTeX Font Info:    Try loading font information for T1+cmtt on input line 165.


(G:\ctex\MiKTeX\tex\latex\base\t1cmtt.fd
File: t1cmtt.fd 1999/05/25 v2.5h Standard LaTeX font definitions
)
LaTeX Font Info:    Try loading font information for OT1+ppl on input line 165.


(G:\ctex\MiKTeX\tex\latex\psnfss\ot1ppl.fd
File: ot1ppl.fd 2001/06/04 font definitions for OT1/ppl.
)
LaTeX Font Info:    Try loading font information for OML+zplm on input line 165
.

(G:\ctex\MiKTeX\tex\latex\psnfss\omlzplm.fd
File: omlzplm.fd 2002/09/08 Fontinst v1.914 font definitions for OML/zplm.
)
LaTeX Font Info:    Try loading font information for OMS+zplm on input line 165
.

(G:\ctex\MiKTeX\tex\latex\psnfss\omszplm.fd
File: omszplm.fd 2002/09/08 Fontinst v1.914 font definitions for OMS/zplm.
)
LaTeX Font Info:    Try loading font information for OMX+zplm on input line 165
.

(G:\ctex\MiKTeX\tex\latex\psnfss\omxzplm.fd
File: omxzplm.fd 2002/09/08 Fontinst v1.914 font definitions for OMX/zplm.
)
LaTeX Font Info:    Try loading font information for OT1+zplm on input line 165
.

(G:\ctex\MiKTeX\tex\latex\psnfss\ot1zplm.fd
File: ot1zplm.fd 2002/09/08 Fontinst v1.914 font definitions for OT1/zplm.
) [4]
LaTeX Font Info:    Font shape `T1/ppl/bx/n' in size <24.88> not available
(Font)              Font shape `T1/ppl/b/n' tried instead on input line 202.
LaTeX Font Info:    Font shape `T1/ppl/bx/n' in size <17.28> not available
(Font)              Font shape `T1/ppl/b/n' tried instead on input line 230.
 [5

]
LaTeX Font Info:    Try loading font information for T1+cmss on input line 273.


(G:\ctex\MiKTeX\tex\latex\base\t1cmss.fd
File: t1cmss.fd 1999/05/25 v2.5h Standard LaTeX font definitions
)
Overfull \hbox (3.93109pt too wide) in paragraph at lines 295--303
[]\T1/ppl/m/n/12 I de-vel-ope-d this book us-ing Ana-con-da from Con-tin-u-um A
n-a-lyt-ic-s, which
 []

[6]
LaTeX Font Info:    Font shape `T1/ppl/bx/n' in size <12> not available
(Font)              Font shape `T1/ppl/b/n' tried instead on input line 337.

Overfull \hbox (12.57515pt too wide) in paragraph at lines 358--362
\T1/ppl/m/n/12 chine. If y-ou fol-low this link, []$\T1/cmtt/m/n/12 http : / / 
mybinder . org / repo / AllenDowney /$
 []


Overfull \hbox (5.4425pt too wide) in paragraph at lines 370--375
[]\T1/ppl/m/n/12 When we re-fer to note-book-s lat-er in the book,
 []


Overfull \hbox (49.69269pt too wide) in paragraph at lines 384--389
\T1/ppl/m/n/12 If y-ou have a sug-ges-tion or cor-rec-tion, please send e-mail 
to \T1/cmtt/m/n/12 downey@allendowney.com\T1/ppl/m/n/12 .
 []

[7]
! Undefined control sequence.
l.474 \clearemptydoublepage
                           
? 
[8] (D:\Desktopbak\DSP\ThinkDSP\book\book.toc [9

] [10])
\tf@toc=\write6

! Undefined control sequence.
l.481 \clearemptydoublepage
                           
? 
[11] [12

]
Chapter 1.
<figs/sounds1.pdf, id=545, 578.16pt x 433.62pt>
File: figs/sounds1.pdf Graphic file (type pdf)
 <use figs/sounds1.pdf>
Package pdftex.def Info: figs/sounds1.pdf used on input line 526.
(pdftex.def)             Requested size: 240.90234pt x 180.67499pt.
 [1

]
<figs/sounds2.pdf, id=555, 578.16pt x 433.62pt>
File: figs/sounds2.pdf Graphic file (type pdf)
 <use figs/sounds2.pdf>
Package pdftex.def Info: figs/sounds2.pdf used on input line 560.
(pdftex.def)             Requested size: 240.90234pt x 180.67499pt.

<figs/sounds3.pdf, id=557, 578.16pt x 433.62pt>
File: figs/sounds3.pdf Graphic file (type pdf)
 <use figs/sounds3.pdf>
Package pdftex.def Info: figs/sounds3.pdf used on input line 591.
(pdftex.def)             Requested size: 240.90234pt x 180.67499pt.
 [2 <D:/Desktopbak/DSP/ThinkDSP/book/figs/sounds1.pdf>] [3 <D:/Desktopbak/DSP/T
hinkDSP/book/figs/sounds2.pdf>] [4 <D:/Desktopbak/DSP/ThinkDSP/book/figs/sounds
3.pdf>]
<figs/sounds4.pdf, id=666, 578.16pt x 433.62pt>
File: figs/sounds4.pdf Graphic file (type pdf)
 <use figs/sounds4.pdf>
Package pdftex.def Info: figs/sounds4.pdf used on input line 744.
(pdftex.def)             Requested size: 240.90234pt x 180.67499pt.
 [5]
LaTeX Font Info:    Try loading font information for TS1+cmtt on input line 777
.

(G:\ctex\MiKTeX\tex\latex\base\ts1cmtt.fd
File: ts1cmtt.fd 1999/05/25 v2.5h Standard LaTeX font definitions
) [6 <D:/Desktopbak/DSP/ThinkDSP/book/figs/sounds4.pdf>]
Overfull \hbox (5.57426pt too wide) in paragraph at lines 825--828
[][]\T1/cmtt/m/n/12 low_pass \T1/ppl/m/n/12 ap-plies a low-pass fil-ter, which 
mean-s that com-po-nents above
 []

<figs/uml_diagram1.pdf, id=703, 496.85625pt x 63.23625pt>
File: figs/uml_diagram1.pdf Graphic file (type pdf)

<use figs/uml_diagram1.pdf>
Package pdftex.def Info: figs/uml_diagram1.pdf used on input line 862.
(pdftex.def)             Requested size: 252.94499pt x 32.19312pt.
 [7]
Overfull \hbox (2.84528pt too wide) in paragraph at lines 883--886
[]\T1/ppl/m/n/12 Wave al-so pro-vides three read-only prop-er-ties: \T1/cmtt/m/
n/12 start\T1/ppl/m/n/12 , \T1/cmtt/m/n/12 end\T1/ppl/m/n/12 , and \T1/cmtt/m/n
/12 duration\T1/ppl/m/n/12 .
 []


Overfull \hbox (18.2132pt too wide) in paragraph at lines 914--918
\T1/ppl/m/n/12 nal-s, like []\T1/cmtt/m/n/12 make_wave\T1/ppl/m/n/12 . Child cl
ass-es in-her-it these meth-od-s and pro-vide \T1/cmtt/m/n/12 evaluate\T1/ppl/m
/n/12 ,
 []


Overfull \hbox (3.79202pt too wide) in paragraph at lines 931--931
[]    \T1/cmtt/m/n/12 def __init__(self, freq=440, amp=1.0, offset=0, func=np.s
in):[] 
 []

[8 <D:/Desktopbak/DSP/ThinkDSP/book/figs/uml_diagram1.pdf>]
Overfull \hbox (5.02652pt too wide) in paragraph at lines 967--970
[]\T1/cmtt/m/n/12 start \T1/ppl/m/n/12 and \T1/cmtt/m/n/12 duration \T1/ppl/m/n
/12 are the s-tart time and du-ra-tion in sec-ond-s. \T1/cmtt/m/n/12 framerate
 []


Overfull \hbox (7.11789pt too wide) in paragraph at lines 974--976
[]\T1/ppl/m/n/12 To com-pute the \T1/cmtt/m/n/12 ys\T1/ppl/m/n/12 , []\T1/cmtt/
m/n/12 make_wave \T1/ppl/m/n/12 in-vokes \T1/cmtt/m/n/12 evaluate\T1/ppl/m/n/12
 , is pro-vid-ed by \T1/cmtt/m/n/12 Sinusoid\T1/ppl/m/n/12 : 
 []

[9]
Overfull \hbox (4.73947pt too wide) in paragraph at lines 1049--1054
[]\T1/ppl/b/n/12 Exercise 1.3 \T1/ppl/m/n/12 Syn-the-size a com-pound sig-nal b
y cre-at-ing SinSignal and CosSig-
 []

[10]
Overfull \hbox (11.55667pt too wide) in paragraph at lines 1058--1061
\T1/ppl/m/n/12 fac-tor and speed-s up or s-lows down the wave by mod-i-fy-ing \
T1/cmtt/m/n/12 ts \T1/ppl/m/n/12 and \T1/cmtt/m/n/12 framerate\T1/ppl/m/n/12 .
 []

[11] [12

]
Chapter 2.
<figs/triangle-200-1.pdf, id=790, 578.16pt x 433.62pt>
File: figs/triangle-200-1.pdf Graphic file (type pdf)

<use figs/triangle-200-1.pdf>
Package pdftex.def Info: figs/triangle-200-1.pdf used on input line 1090.
(pdftex.def)             Requested size: 240.90234pt x 180.67499pt.
 [13]
<figs/triangle-200-2.pdf, id=801, 867.24pt x 433.62pt>
File: figs/triangle-200-2.pdf Graphic file (type pdf)

<use figs/triangle-200-2.pdf>
Package pdftex.def Info: figs/triangle-200-2.pdf used on input line 1149.
(pdftex.def)             Requested size: 361.35353pt x 180.67499pt.
 [14 <D:/Desktopbak/DSP/ThinkDSP/book/figs/triangle-200-1.pdf>] <figs/square-10
0-1.pdf, id=834, 578.16pt x 433.62pt>
File: figs/square-100-1.pdf Graphic file (type pdf)

<use figs/square-100-1.pdf>
Package pdftex.def Info: figs/square-100-1.pdf used on input line 1191.
(pdftex.def)             Requested size: 240.90234pt x 180.67499pt.
 [15 <D:/Desktopbak/DSP/ThinkDSP/book/figs/triangle-200-2.pdf>] <figs/square-10
0-2.pdf, id=872, 578.16pt x 433.62pt>
File: figs/square-100-2.pdf Graphic file (type pdf)

<use figs/square-100-2.pdf>
Package pdftex.def Info: figs/square-100-2.pdf used on input line 1224.
(pdftex.def)             Requested size: 240.90234pt x 180.67499pt.

<figs/triangle-1100-2.pdf, id=875, 867.24pt x 433.62pt>
File: figs/triangle-1100-2.pdf Graphic file (type pdf)

<use figs/triangle-1100-2.pdf>
Package pdftex.def Info: figs/triangle-1100-2.pdf used on input line 1248.
(pdftex.def)             Requested size: 361.35353pt x 180.67499pt.

Underfull \vbox (badness 7704) has occurred while \output is active []

 [16 <D:/Desktopbak/DSP/ThinkDSP/book/figs/square-100-1.pdf>] [17 <D:/Desktopba
k/DSP/ThinkDSP/book/figs/square-100-2.pdf> <D:/Desktopbak/DSP/ThinkDSP/book/fig
s/triangle-1100-2.pdf>] <figs/aliasing1.pdf, id=972, 578.16pt x 433.62pt>
File: figs/aliasing1.pdf Graphic file (type pdf)

<use figs/aliasing1.pdf>
Package pdftex.def Info: figs/aliasing1.pdf used on input line 1297.
(pdftex.def)             Requested size: 337.26505pt x 252.94499pt.
 [18] [19 <D:/Desktopbak/DSP/ThinkDSP/book/figs/aliasing1.pdf>] [20] [21]
Overfull \hbox (40.14333pt too wide) in paragraph at lines 1488--1492
\T1/cmtt/m/n/12 fs\T1/ppl/m/n/12 . Hin-t: s-ince di-vi-sion by ze-ro is un-de-f
ined, y-ou might wan-t to set \T1/cmtt/m/n/12 spectrum.hs[0]
 []

[22]
Chapter 3.
<figs/chirp3.pdf, id=1041, 867.24pt x 433.62pt>
File: figs/chirp3.pdf Graphic file (type pdf)
 <use figs/chirp3.pdf>
Package pdftex.def Info: figs/chirp3.pdf used on input line 1545.
(pdftex.def)             Requested size: 361.35353pt x 180.67499pt.
 [23

]
[24 <D:/Desktopbak/DSP/ThinkDSP/book/figs/chirp3.pdf>] [25]
Overfull \hbox (2.69818pt too wide) in paragraph at lines 1704--1708
[]\T1/ppl/m/n/12 Instead of \T1/cmtt/m/n/12 np.linspace\T1/ppl/m/n/12 , this ve
r-sion of e-val-u-ate us-es \T1/cmtt/m/n/12 np.logspace\T1/ppl/m/n/12 , which
 []

<figs/chirp1.pdf, id=1086, 578.16pt x 433.62pt>
File: figs/chirp1.pdf Graphic file (type pdf)
 <use figs/chirp1.pdf>
Package pdftex.def Info: figs/chirp1.pdf used on input line 1726.
(pdftex.def)             Requested size: 240.90234pt x 180.67499pt.
 [26]
<figs/chirp2.pdf, id=1093, 578.16pt x 433.62pt>
File: figs/chirp2.pdf Graphic file (type pdf)
 <use figs/chirp2.pdf>
Package pdftex.def Info: figs/chirp2.pdf used on input line 1761.
(pdftex.def)             Requested size: 240.90234pt x 180.67499pt.
 [27 <D:/Desktopbak/DSP/ThinkDSP/book/figs/chirp1.pdf>] [28 <D:/Desktopbak/DSP/
ThinkDSP/book/figs/chirp2.pdf>] <figs/windowing1.pdf, id=1172, 867.24pt x 433.6
2pt>
File: figs/windowing1.pdf Graphic file (type pdf)

<use figs/windowing1.pdf>
Package pdftex.def Info: figs/windowing1.pdf used on input line 1850.
(pdftex.def)             Requested size: 397.48499pt x 198.74641pt.

Underfull \vbox (badness 10000) has occurred while \output is active []

 [29 <D:/Desktopbak/DSP/ThinkDSP/book/figs/windowing1.pdf>]
<figs/windowing2.pdf, id=1207, 578.16pt x 722.7pt>
File: figs/windowing2.pdf Graphic file (type pdf)
 <use figs/windowing2.pdf>
Package pdftex.def Info: figs/windowing2.pdf used on input line 1912.
(pdftex.def)             Requested size: 202.3502pt x 252.94499pt.

[30] [31 <D:/Desktopbak/DSP/ThinkDSP/book/figs/windowing2.pdf>]
<figs/windowing3.pdf, id=1242, 578.16pt x 433.62pt>
File: figs/windowing3.pdf Graphic file (type pdf)
 <use figs/windowing3.pdf>
Package pdftex.def Info: figs/windowing3.pdf used on input line 1969.
(pdftex.def)             Requested size: 240.90234pt x 180.67499pt.

[32 <D:/Desktopbak/DSP/ThinkDSP/book/figs/windowing3.pdf>]
Overfull \hbox (27.46494pt too wide) in paragraph at lines 2054--2058
\T1/ppl/m/n/12 leak-age. See []$\T1/cmtt/m/n/12 http : / / docs . scipy . org /
 doc / numpy / reference / routines . window .$
 []

[33]
Overfull \hbox (0.20753pt too wide) in paragraph at lines 2062--2065
[]\T1/ppl/b/n/12 Exercise 3.2 \T1/ppl/m/n/12 Write a class called \T1/cmtt/m/n/
12 SawtoothChirp \T1/ppl/m/n/12 that ex-tend-s \T1/cmtt/m/n/12 Chirp \T1/ppl/m/
n/12 and over-
 []


Overfull \hbox (26.69638pt too wide) in paragraph at lines 2103--2107
[]\T1/ppl/m/n/12 Write a class called \T1/cmtt/m/n/12 TromboneGliss \T1/ppl/m/n
/12 that ex-tend-s \T1/cmtt/m/n/12 Chirp \T1/ppl/m/n/12 and pro-vides \T1/cmtt/
m/n/12 evaluate\T1/ppl/m/n/12 .
 []

[34]
Chapter 4.
<figs/whitenoise0.pdf, id=1295, 578.16pt x 433.62pt>
File: figs/whitenoise0.pdf Graphic file (type pdf)

<use figs/whitenoise0.pdf>
Package pdftex.def Info: figs/whitenoise0.pdf used on input line 2147.
(pdftex.def)             Requested size: 240.90234pt x 180.67499pt.

Overfull \hbox (3.1901pt too wide) in paragraph at lines 2152--2158
\T1/ppl/m/n/12 kind to gen-er-ate is un-cor-re-lat-ed u-ni-for-m noise (U-U noi
se). ``U-ni-for-m'' mean-
 []

[35

]
Overfull \hbox (3.33055pt too wide) in paragraph at lines 2172--2177
[]\T1/ppl/m/n/12 As usu-al, the e-val-u-ate func-tion takes \T1/cmtt/m/n/12 ts\
T1/ppl/m/n/12 , the times when the sig-nal should
 []

<figs/whitenoise1.pdf, id=1304, 578.16pt x 433.62pt>
File: figs/whitenoise1.pdf Graphic file (type pdf)

<use figs/whitenoise1.pdf>
Package pdftex.def Info: figs/whitenoise1.pdf used on input line 2192.
(pdftex.def)             Requested size: 240.90234pt x 180.67499pt.
 [36 <D:/Desktopbak/DSP/ThinkDSP/book/figs/whitenoise0.pdf>] <figs/whitenoise2.
pdf, id=1335, 578.16pt x 433.62pt>
File: figs/whitenoise2.pdf Graphic file (type pdf)

<use figs/whitenoise2.pdf>
Package pdftex.def Info: figs/whitenoise2.pdf used on input line 2254.
(pdftex.def)             Requested size: 240.90234pt x 180.67499pt.
 [37 <D:/Desktopbak/DSP/ThinkDSP/book/figs/whitenoise1.pdf>]
Overfull \hbox (30.52145pt too wide) in paragraph at lines 2268--2272
[]\T1/cmtt/m/n/12 self.power \T1/ppl/m/n/12 is a NumPy ar-ray con-tain-ing pow-
er for each fre-quen-cy. \T1/cmtt/m/n/12 np.cumsum
 []


Overfull \hbox (5.59557pt too wide) in paragraph at lines 2282--2284
[]\T1/ppl/m/n/12 Like Spec-trum, In-te-grat-ed-Spec-trum pro-vides []\T1/cmtt/m
/n/12 plot_power\T1/ppl/m/n/12 , so we can com-
 []

<figs/rednoise0.pdf, id=1372, 578.16pt x 433.62pt>
File: figs/rednoise0.pdf Graphic file (type pdf)
 <use figs/rednoise0.pdf>
Package pdftex.def Info: figs/rednoise0.pdf used on input line 2303.
(pdftex.def)             Requested size: 240.90234pt x 180.67499pt.

[38 <D:/Desktopbak/DSP/ThinkDSP/book/figs/whitenoise2.pdf>] [39 <D:/Desktopbak/
DSP/ThinkDSP/book/figs/rednoise0.pdf>]
<figs/rednoise3.pdf, id=1446, 867.24pt x 433.62pt>
File: figs/rednoise3.pdf Graphic file (type pdf)
 <use figs/rednoise3.pdf>
Package pdftex.def Info: figs/rednoise3.pdf used on input line 2361.
(pdftex.def)             Requested size: 361.35353pt x 180.67499pt.

[40 <D:/Desktopbak/DSP/ThinkDSP/book/figs/rednoise3.pdf>]
<figs/pinknoise0.pdf, id=1488, 578.16pt x 433.62pt>
File: figs/pinknoise0.pdf Graphic file (type pdf)
 <use figs/pinknoise0.pdf>
Package pdftex.def Info: figs/pinknoise0.pdf used on input line 2436.
(pdftex.def)             Requested size: 240.90234pt x 180.67499pt.

[41] [42 <D:/Desktopbak/DSP/ThinkDSP/book/figs/pinknoise0.pdf>]
<figs/noise-triple.pdf, id=1521, 578.16pt x 433.62pt>
File: figs/noise-triple.pdf Graphic file (type pdf)

<use figs/noise-triple.pdf>
Package pdftex.def Info: figs/noise-triple.pdf used on input line 2496.
(pdftex.def)             Requested size: 240.90234pt x 180.67499pt.
 <figs/noise1.pdf, id=1524, 867.24pt x 433.62pt>
File: figs/noise1.pdf Graphic file (type pdf)

<use figs/noise1.pdf>
Package pdftex.def Info: figs/noise1.pdf used on input line 2540.
(pdftex.def)             Requested size: 361.35353pt x 180.67499pt.
 [43 <D:/Desktopbak/DSP/ThinkDSP/book/figs/noise-triple.pdf>]
Overfull \hbox (7.94249pt too wide) in paragraph at lines 2576--2579
\T1/ppl/m/n/12 gen-er-ate a ``nor-mal prob-a-bil-i-ty plot'', which is a graph-
i-cal way to test whether
 []

[44 <D:/Desktopbak/DSP/ThinkDSP/book/figs/noise1.pdf>]
Overfull \hbox (0.18799pt too wide) in paragraph at lines 2631--2636
[]\T1/ppl/m/n/12 To es-ti-mate the long-term av-er-age pow-er at each fre-quen-
cy, we can break
 []

[45]
Overfull \hbox (1.81909pt too wide) in paragraph at lines 2644--2648
[]\T1/ppl/b/n/12 Exercise 4.3 \T1/ppl/m/n/12 At []$\T1/cmtt/m/n/12 http : / / w
ww . coindesk . com$[] \T1/ppl/m/n/12 y-ou can down-load the dai-ly price
 []


Overfull \hbox (57.45204pt too wide) in paragraph at lines 2659--2667
[]\T1/ppl/m/n/12 Write a class called \T1/cmtt/m/n/12 UncorrelatedPoissonNoise 
\T1/ppl/m/n/12 that in-her-it-s from []\T1/cmtt/m/n/12 thinkdsp._Noise
 []

[46]
Chapter 5.
[47

] <figs/autocorr1.pdf, id=1628, 578.16pt x 433.62pt>
File: figs/autocorr1.pdf Graphic file (type pdf)

<use figs/autocorr1.pdf>
Package pdftex.def Info: figs/autocorr1.pdf used on input line 2737.
(pdftex.def)             Requested size: 240.90234pt x 180.67499pt.
 [48 <D:/Desktopbak/DSP/ThinkDSP/book/figs/autocorr1.pdf>] <figs/autocorr2.pdf,
 id=1661, 578.16pt x 433.62pt>
File: figs/autocorr2.pdf Graphic file (type pdf)

<use figs/autocorr2.pdf>
Package pdftex.def Info: figs/autocorr2.pdf used on input line 2780.
(pdftex.def)             Requested size: 240.90234pt x 180.67499pt.
 [49 <D:/Desktopbak/DSP/ThinkDSP/book/figs/autocorr2.pdf>] <figs/autocorr3.pdf,
 id=1700, 578.16pt x 433.62pt>
File: figs/autocorr3.pdf Graphic file (type pdf)

<use figs/autocorr3.pdf>
Package pdftex.def Info: figs/autocorr3.pdf used on input line 2862.
(pdftex.def)             Requested size: 240.90234pt x 180.67499pt.
 [50]
<figs/autocorr4.pdf, id=1706, 578.16pt x 433.62pt>
File: figs/autocorr4.pdf Graphic file (type pdf)
 <use figs/autocorr4.pdf>
Package pdftex.def Info: figs/autocorr4.pdf used on input line 2893.
(pdftex.def)             Requested size: 240.90234pt x 180.67499pt.

[51 <D:/Desktopbak/DSP/ThinkDSP/book/figs/autocorr3.pdf>]
<figs/autocorr5.pdf, id=1749, 578.16pt x 433.62pt>
File: figs/autocorr5.pdf Graphic file (type pdf)
 <use figs/autocorr5.pdf>
Package pdftex.def Info: figs/autocorr5.pdf used on input line 2933.
(pdftex.def)             Requested size: 240.90234pt x 180.67499pt.

<figs/autocorr6.pdf, id=1753, 578.16pt x 433.62pt>
File: figs/autocorr6.pdf Graphic file (type pdf)
 <use figs/autocorr6.pdf>
Package pdftex.def Info: figs/autocorr6.pdf used on input line 2950.
(pdftex.def)             Requested size: 240.90234pt x 180.67499pt.

[52 <D:/Desktopbak/DSP/ThinkDSP/book/figs/autocorr4.pdf>] [53 <D:/Desktopbak/DS
P/ThinkDSP/book/figs/autocorr5.pdf> <D:/Desktopbak/DSP/ThinkDSP/book/figs/autoc
orr6.pdf>] <figs/autocorr7.pdf, id=1869, 578.16pt x 433.62pt>
File: figs/autocorr7.pdf Graphic file (type pdf)

<use figs/autocorr7.pdf>
Package pdftex.def Info: figs/autocorr7.pdf used on input line 2986.
(pdftex.def)             Requested size: 240.90234pt x 180.67499pt.
 [54 <D:/Desktopbak/DSP/ThinkDSP/book/figs/autocorr7.pdf>] <figs/autocorr8.pdf,
 id=1910, 578.16pt x 433.62pt>
File: figs/autocorr8.pdf Graphic file (type pdf)

<use figs/autocorr8.pdf>
Package pdftex.def Info: figs/autocorr8.pdf used on input line 3019.
(pdftex.def)             Requested size: 240.90234pt x 180.67499pt.
 [55 <D:/Desktopbak/DSP/ThinkDSP/book/figs/autocorr8.pdf>] <figs/autocorr9.pdf,
 id=1948, 578.16pt x 433.62pt>
File: figs/autocorr9.pdf Graphic file (type pdf)

<use figs/autocorr9.pdf>
Package pdftex.def Info: figs/autocorr9.pdf used on input line 3096.
(pdftex.def)             Requested size: 240.90234pt x 180.67499pt.
 [56]
Overfull \hbox (24.45485pt too wide) in paragraph at lines 3147--3152
[]\T1/ppl/m/n/12 With these ad-just-ments, the re-sult-s com-put-ed by \T1/cmtt
/m/n/12 autocorr \T1/ppl/m/n/12 and \T1/cmtt/m/n/12 np.correlate
 []

[57 <D:/Desktopbak/DSP/ThinkDSP/book/figs/autocorr9.pdf>] [58]
Chapter 6.
[59

]
Overfull \hbox (11.16527pt too wide) in paragraph at lines 3271--3274
[]\T1/cmtt/m/n/12 components \T1/ppl/m/n/12 is a list of \T1/cmtt/m/n/12 CosSig
nal \T1/ppl/m/n/12 ob-ject-s, one for each amplitude-frequency
 []

<figs/diagram1.pdf, id=2005, 186.65736pt x 173.9007pt>
File: figs/diagram1.pdf Graphic file (type pdf)
 <use figs/diagram1.pdf>
Package pdftex.def Info: figs/diagram1.pdf used on input line 3304.
(pdftex.def)             Requested size: 193.93678pt x 180.67499pt.

[60] [61 <D:/Desktopbak/DSP/ThinkDSP/book/figs/diagram1.pdf>]
Overfull \hbox (23.72264pt too wide) in paragraph at lines 3415--3417
[]\T1/ppl/m/n/12 The first t-wo lines use \T1/cmtt/m/n/12 ts \T1/ppl/m/n/12 and
 \T1/cmtt/m/n/12 fs \T1/ppl/m/n/12 to build the ma-trix, \T1/cmtt/m/n/12 M\T1/p
pl/m/n/12 . Then \T1/cmtt/m/n/12 np.linalg.solve
 []

[62] [63]
Overfull \hbox (8.03279pt too wide) in paragraph at lines 3526--3531
[]\T1/ppl/m/n/12 You might rec-og-nize 0.707 as an ap-prox-i-ma-tion of $[]\OT1
/zplm/m/n/12 /\OT1/ppl/m/n/12 2$\T1/ppl/m/n/12 , which is $[] \OML/zplm/m/it/12
 \OT1/zplm/m/n/12 /\OT1/ppl/m/n/12 4$\T1/ppl/m/n/12 .
 []

[64] [65] [66] <figs/dct1.pdf, id=2063, 578.16pt x 433.62pt>
File: figs/dct1.pdf Graphic file (type pdf)

<use figs/dct1.pdf>
Package pdftex.def Info: figs/dct1.pdf used on input line 3679.
(pdftex.def)             Requested size: 240.90234pt x 180.67499pt.
 [67 <D:/Desktopbak/DSP/ThinkDSP/book/figs/dct1.pdf>]
Overfull \hbox (24.79942pt too wide) in paragraph at lines 3745--3748
\T1/ppl/m/n/12 For the fol-low-ing ex-er-cis-es, I pro-vide some s-tarter code 
in \T1/cmtt/m/n/12 chap06starter.ipynb\T1/ppl/m/n/12 .
 []

[68]
Overfull \hbox (0.29948pt too wide) in paragraph at lines 3766--3769
\T1/ppl/m/n/12 both sound and im-ages. In it-s sim-plest for-m, DCT-based com-p
res-sion work-
 []

[69] [70

]
Chapter 7.
[71] [72]
Overfull \hbox (13.3066pt too wide) in paragraph at lines 3913--3917
\T1/ppl/m/n/12 wo 64-bit floating-point num-ber-s. In this ex-am-ple, the re-su
lt is \T1/cmtt/m/n/12 0.0707+0.997j\T1/ppl/m/n/12 . 
 []


Overfull \hbox (12.32506pt too wide) in paragraph at lines 3927--3929
[]\T1/ppl/m/n/12 To get the mag-ni-tude, y-ou can use the built-in func-tion \T
1/cmtt/m/n/12 abs \T1/ppl/m/n/12 or \T1/cmtt/m/n/12 np.absolute\T1/ppl/m/n/12 :
 
 []

[73] [74] <figs/dft1.pdf, id=2153, 578.16pt x 433.62pt>
File: figs/dft1.pdf Graphic file (type pdf)
 <use figs/dft1.pdf>
Package pdftex.def Info: figs/dft1.pdf used on input line 4051.
(pdftex.def)             Requested size: 240.90234pt x 180.67499pt.

[75 <D:/Desktopbak/DSP/ThinkDSP/book/figs/dft1.pdf>] [76]
<figs/dft2.pdf, id=2194, 578.16pt x 433.62pt>
File: figs/dft2.pdf Graphic file (type pdf)
 <use figs/dft2.pdf>
Package pdftex.def Info: figs/dft2.pdf used on input line 4151.
(pdftex.def)             Requested size: 240.90234pt x 180.67499pt.
 [77 <D:/Desktopbak/DSP/ThinkDSP/book/figs/dft2.pdf>] [78] [79] [80] [81]
<figs/dft3.pdf, id=2258, 578.16pt x 433.62pt>
File: figs/dft3.pdf Graphic file (type pdf)
 <use figs/dft3.pdf>
Package pdftex.def Info: figs/dft3.pdf used on input line 4442.
(pdftex.def)             Requested size: 240.90234pt x 180.67499pt.
 [82 <D:/Desktopbak/DSP/ThinkDSP/book/figs/dft3.pdf>]
Overfull \hbox (2.3277pt too wide) in paragraph at lines 4508--4512
\T1/ppl/m/n/12 e-val-u-at-ing on-ly the first half of the DFT, and that's ex-ac
t-ly what \T1/cmtt/m/n/12 np.fft.rfft
 []

[83] [84]
Chapter 8.
<figs/convolution1.pdf, id=2318, 578.16pt x 433.62pt>
File: figs/convolution1.pdf Graphic file (type pdf)

<use figs/convolution1.pdf>
Package pdftex.def Info: figs/convolution1.pdf used on input line 4597.
(pdftex.def)             Requested size: 240.90234pt x 180.67499pt.
 [85

]
<figs/convolution2.pdf, id=2328, 578.16pt x 433.62pt>
File: figs/convolution2.pdf Graphic file (type pdf)

<use figs/convolution2.pdf>
Package pdftex.def Info: figs/convolution2.pdf used on input line 4663.
(pdftex.def)             Requested size: 240.90234pt x 180.67499pt.
 [86 <D:/Desktopbak/DSP/ThinkDSP/book/figs/convolution1.pdf>] [87 <D:/Desktopba
k/DSP/ThinkDSP/book/figs/convolution2.pdf>]
Overfull \hbox (18.33173pt too wide) in paragraph at lines 4745--4748
[]\T1/ppl/m/n/12 Because the win-dow we used in this ex-am-ple is sym-met-ric, 
cross-correlation
 []

<figs/convolution4.pdf, id=2395, 578.16pt x 433.62pt>
File: figs/convolution4.pdf Graphic file (type pdf)

<use figs/convolution4.pdf>
Package pdftex.def Info: figs/convolution4.pdf used on input line 4768.
(pdftex.def)             Requested size: 240.90234pt x 180.67499pt.
 [88]
Overfull \hbox (3.82669pt too wide) in paragraph at lines 4792--4795
\T1/ppl/m/n/12 as the in-put. In this ex-am-ple, it will in-clude a few val-ues
 that ``wrap around'',
 []

<figs/convolution5.pdf, id=2403, 578.16pt x 433.62pt>
File: figs/convolution5.pdf Graphic file (type pdf)

<use figs/convolution5.pdf>
Package pdftex.def Info: figs/convolution5.pdf used on input line 4820.
(pdftex.def)             Requested size: 240.90234pt x 180.67499pt.
 [89 <D:/Desktopbak/DSP/ThinkDSP/book/figs/convolution4.pdf>] <figs/convolution
6.pdf, id=2441, 578.16pt x 433.62pt>
File: figs/convolution6.pdf Graphic file (type pdf)

<use figs/convolution6.pdf>
Package pdftex.def Info: figs/convolution6.pdf used on input line 4837.
(pdftex.def)             Requested size: 240.90234pt x 180.67499pt.

Overfull \hbox (2.14192pt too wide) in paragraph at lines 4874--4878
\T1/ppl/m/n/12 pre-vi-ous sec-tion. The ra-tios are ex-act-ly the am-pli-tudes 
in []\T1/cmtt/m/n/12 dft_window\T1/ppl/m/n/12 . Math-
 []

[90 <D:/Desktopbak/DSP/ThinkDSP/book/figs/convolution5.pdf>]
<figs/convolution7.pdf, id=2485, 578.16pt x 433.62pt>
File: figs/convolution7.pdf Graphic file (type pdf)

<use figs/convolution7.pdf>
Package pdftex.def Info: figs/convolution7.pdf used on input line 4891.
(pdftex.def)             Requested size: 240.90234pt x 180.67499pt.
 [91 <D:/Desktopbak/DSP/ThinkDSP/book/figs/convolution6.pdf>] <figs/convolution
8.pdf, id=2533, 578.16pt x 433.62pt>
File: figs/convolution8.pdf Graphic file (type pdf)

<use figs/convolution8.pdf>
Package pdftex.def Info: figs/convolution8.pdf used on input line 4923.
(pdftex.def)             Requested size: 240.90234pt x 180.67499pt.
 [92 <D:/Desktopbak/DSP/ThinkDSP/book/figs/convolution7.pdf>] [93 <D:/Desktopba
k/DSP/ThinkDSP/book/figs/convolution8.pdf>]
<figs/convolution9.pdf, id=2613, 578.16pt x 433.62pt>
File: figs/convolution9.pdf Graphic file (type pdf)

<use figs/convolution9.pdf>
Package pdftex.def Info: figs/convolution9.pdf used on input line 5025.
(pdftex.def)             Requested size: 240.90234pt x 180.67499pt.

Underfull \hbox (badness 7308) in paragraph at lines 5027--5027
[]\T1/ppl/m/n/12 Figure 8.8: |Au-to-cor-re-la-tion func-tion-s com-put-ed by Nu
mPy and
 []

[94 <D:/Desktopbak/DSP/ThinkDSP/book/figs/convolution9.pdf>] [95] [96]
Chapter 9.
[97

] <figs/diff_int1.pdf, id=2678, 867.24pt x 433.62pt>
File: figs/diff_int1.pdf Graphic file (type pdf)

<use figs/diff_int1.pdf>
Package pdftex.def Info: figs/diff_int1.pdf used on input line 5200.
(pdftex.def)             Requested size: 361.35353pt x 180.67499pt.
 <figs/diff_int2.pdf, id=2680, 867.24pt x 433.62pt>
File: figs/diff_int2.pdf Graphic file (type pdf)

<use figs/diff_int2.pdf>
Package pdftex.def Info: figs/diff_int2.pdf used on input line 5221.
(pdftex.def)             Requested size: 361.35353pt x 180.67499pt.
 [98 <D:/Desktopbak/DSP/ThinkDSP/book/figs/diff_int1.pdf>] <figs/diff_int3.pdf,
 id=2728, 867.24pt x 433.62pt>
File: figs/diff_int3.pdf Graphic file (type pdf)

<use figs/diff_int3.pdf>
Package pdftex.def Info: figs/diff_int3.pdf used on input line 5248.
(pdftex.def)             Requested size: 361.35353pt x 180.67499pt.
 [99 <D:/Desktopbak/DSP/ThinkDSP/book/figs/diff_int2.pdf>]
Overfull \hbox (29.31984pt too wide) in paragraph at lines 5303--5307
\T1/ppl/m/n/12 spond-ing eigen-val-ue $\OT1/ppl/m/n/12 2\OML/zplm/m/it/12 if$\
T1/ppl/m/n/12 . See []$\T1/cmtt/m/n/12 http : / / en . wikipedia . org / wiki /
 Eigenfunction$[]\T1/ppl/m/n/12 . 
 []

[100 <D:/Desktopbak/DSP/ThinkDSP/book/figs/diff_int3.pdf>]
<figs/diff_int4.pdf, id=2823, 578.16pt x 433.62pt>
File: figs/diff_int4.pdf Graphic file (type pdf)
 <use figs/diff_int4.pdf>
Package pdftex.def Info: figs/diff_int4.pdf used on input line 5371.
(pdftex.def)             Requested size: 240.90234pt x 180.67499pt.

[101] <figs/diff_int5.pdf, id=2836, 578.16pt x 433.62pt>
File: figs/diff_int5.pdf Graphic file (type pdf)

<use figs/diff_int5.pdf>
Package pdftex.def Info: figs/diff_int5.pdf used on input line 5417.
(pdftex.def)             Requested size: 240.90234pt x 180.67499pt.
 [102 <D:/Desktopbak/DSP/ThinkDSP/book/figs/diff_int4.pdf>] <figs/diff_int6.pdf
, id=2877, 867.24pt x 433.62pt>
File: figs/diff_int6.pdf Graphic file (type pdf)

<use figs/diff_int6.pdf>
Package pdftex.def Info: figs/diff_int6.pdf used on input line 5477.
(pdftex.def)             Requested size: 361.35353pt x 180.67499pt.
 [103 <D:/Desktopbak/DSP/ThinkDSP/book/figs/diff_int5.pdf>] <figs/diff_int7.pdf
, id=2924, 867.24pt x 433.62pt>
File: figs/diff_int7.pdf Graphic file (type pdf)

<use figs/diff_int7.pdf>
Package pdftex.def Info: figs/diff_int7.pdf used on input line 5521.
(pdftex.def)             Requested size: 361.35353pt x 180.67499pt.
 [104 <D:/Desktopbak/DSP/ThinkDSP/book/figs/diff_int6.pdf>] <figs/diff_int8.pdf
, id=2971, 578.16pt x 433.62pt>
File: figs/diff_int8.pdf Graphic file (type pdf)

<use figs/diff_int8.pdf>
Package pdftex.def Info: figs/diff_int8.pdf used on input line 5553.
(pdftex.def)             Requested size: 240.90234pt x 180.67499pt.
 <figs/diff_int9.pdf, id=2973, 578.16pt x 433.62pt>
File: figs/diff_int9.pdf Graphic file (type pdf)

<use figs/diff_int9.pdf>
Package pdftex.def Info: figs/diff_int9.pdf used on input line 5575.
(pdftex.def)             Requested size: 240.90234pt x 180.67499pt.
 [105 <D:/Desktopbak/DSP/ThinkDSP/book/figs/diff_int7.pdf>] [106 <D:/Desktopbak
/DSP/ThinkDSP/book/figs/diff_int8.pdf> <D:/Desktopbak/DSP/ThinkDSP/book/figs/di
ff_int9.pdf>]
Overfull \hbox (10.7937pt too wide) in paragraph at lines 5606--5610
[]\T1/ppl/m/n/12 Within the lim-it-s of floating-point er-ror, []\T1/cmtt/m/n/1
2 out_wave2 \T1/ppl/m/n/12 is i-den-ti-cal to []\T1/cmtt/m/n/12 out_wave\T1/ppl
/m/n/12 ,
 []

[107]
Overfull \hbox (0.88866pt too wide) in paragraph at lines 5683--5687
\T1/ppl/m/n/12 twice. Cre-ate a saw-tooth wave, com-pute it-s spec-trum, then a
p-ply \T1/cmtt/m/n/12 integrate
 []


Overfull \hbox (46.91786pt too wide) in paragraph at lines 5690--5696
\T1/ppl/m/n/12 does the re-sult look like? Com-pute the sec-ond deriva-tive by 
ap-ply-ing \T1/cmtt/m/n/12 differentiate
 []

[108]
Chapter 10.
[109

] [110]
Overfull \hbox (3.79202pt too wide) in paragraph at lines 5822--5822
[]\T1/cmtt/m/n/12 [ 1.+0.j  1.+0.j  1.+0.j  1.+0.j  1.+0.j  1.+0.j  1.+0.j  1.+
0.j][] 
 []

<figs/systems1.pdf, id=3126, 578.16pt x 433.62pt>
File: figs/systems1.pdf Graphic file (type pdf)
 <use figs/systems1.pdf>
Package pdftex.def Info: figs/systems1.pdf used on input line 5852.
(pdftex.def)             Requested size: 240.90234pt x 180.67499pt.

[111] <figs/systems6.pdf, id=3134, 867.24pt x 433.62pt>
File: figs/systems6.pdf Graphic file (type pdf)

<use figs/systems6.pdf>
Package pdftex.def Info: figs/systems6.pdf used on input line 5917.
(pdftex.def)             Requested size: 361.35353pt x 180.67499pt.
 [112 <D:/Desktopbak/DSP/ThinkDSP/book/figs/systems1.pdf>]
Overfull \hbox (40.83298pt too wide) in paragraph at lines 5962--5962
[]    \T1/cmtt/m/n/12 violin = thinkdsp.read_wave(\TS1/cmtt/m/n/12 '\T1/cmtt/m/
n/12 92002__jcveliz__violin-origional.wav\TS1/cmtt/m/n/12 '\T1/cmtt/m/n/12 )[] 

 []

[113 <D:/Desktopbak/DSP/ThinkDSP/book/figs/systems6.pdf>]
<figs/systems7.pdf, id=3213, 578.16pt x 433.62pt>
File: figs/systems7.pdf Graphic file (type pdf)
 <use figs/systems7.pdf>
Package pdftex.def Info: figs/systems7.pdf used on input line 5987.
(pdftex.def)             Requested size: 240.90234pt x 180.67499pt.

Overfull \hbox (2.8309pt too wide) in paragraph at lines 5992--5998
\T1/ppl/m/n/12 They are sub-stan-tial-ly d-if-fer-en-t, and the d-if-fer-ences 
are clear-ly au-di-ble. Load
 []

<figs/systems8.pdf, id=3215, 578.16pt x 433.62pt>
File: figs/systems8.pdf Graphic file (type pdf)
 <use figs/systems8.pdf>
Package pdftex.def Info: figs/systems8.pdf used on input line 6014.
(pdftex.def)             Requested size: 240.90234pt x 180.67499pt.

[114 <D:/Desktopbak/DSP/ThinkDSP/book/figs/systems7.pdf>] [115 <D:/Desktopbak/D
SP/ThinkDSP/book/figs/systems8.pdf>]
Overfull \hbox (31.70662pt too wide) in paragraph at lines 6093--6096
[]\T1/ppl/m/n/12 Figure []10.4[] shows the re-sult. Y-ou can hear what it sound
-s like in \T1/cmtt/m/n/12 chap10.ipynb\T1/ppl/m/n/12 .
 []

[116] <figs/diagram2.pdf, id=3278, 220.80693pt x 69.2728pt>
File: figs/diagram2.pdf Graphic file (type pdf)

<use figs/diagram2.pdf>
Package pdftex.def Info: figs/diagram2.pdf used on input line 6138.
(pdftex.def)             Requested size: 276.45944pt x 86.72377pt.
 [117 <D:/Desktopbak/DSP/ThinkDSP/book/figs/diagram2.pdf>] [118] [119]
Overfull \hbox (1.15068pt too wide) in paragraph at lines 6326--6332
\T1/ppl/m/n/12 source for any-one in-ter-est-ed in au-ral-iza-tion and a-cous-t
i-cal im-pulse re-sponse
 []

[120] [121] [122

]
Chapter 11.
[123] <figs/sampling1.pdf, id=3333, 578.16pt x 433.62pt>
File: figs/sampling1.pdf Graphic file (type pdf)

<use figs/sampling1.pdf>
Package pdftex.def Info: figs/sampling1.pdf used on input line 6395.
(pdftex.def)             Requested size: 337.26505pt x 252.94499pt.
 <figs/sampling2.pdf, id=3335, 578.16pt x 867.24pt>
File: figs/sampling2.pdf Graphic file (type pdf)

<use figs/sampling2.pdf>
Package pdftex.def Info: figs/sampling2.pdf used on input line 6419.
(pdftex.def)             Requested size: 264.99522pt x 397.48499pt.
 [124 <D:/Desktopbak/DSP/ThinkDSP/book/figs/sampling1.pdf>] [125 <D:/Desktopbak
/DSP/ThinkDSP/book/figs/sampling2.pdf>] [126]
<figs/sampling3.pdf, id=3414, 578.16pt x 433.62pt>
File: figs/sampling3.pdf Graphic file (type pdf)
 <use figs/sampling3.pdf>
Package pdftex.def Info: figs/sampling3.pdf used on input line 6525.
(pdftex.def)             Requested size: 289.07928pt x 216.81pt.

[127] [128 <D:/Desktopbak/DSP/ThinkDSP/book/figs/sampling3.pdf>]
<figs/sampling9.pdf, id=3458, 722.7pt x 722.7pt>
File: figs/sampling9.pdf Graphic file (type pdf)
 <use figs/sampling9.pdf>
Package pdftex.def Info: figs/sampling9.pdf used on input line 6597.
(pdftex.def)             Requested size: 289.07487pt x 289.07999pt.

[129 <D:/Desktopbak/DSP/ThinkDSP/book/figs/sampling9.pdf>]
<figs/sampling4.pdf, id=3504, 578.16pt x 867.24pt>
File: figs/sampling4.pdf Graphic file (type pdf)
 <use figs/sampling4.pdf>
Package pdftex.def Info: figs/sampling4.pdf used on input line 6658.
(pdftex.def)             Requested size: 264.99522pt x 397.48499pt.

<figs/sampling5.pdf, id=3507, 578.16pt x 722.7pt>
File: figs/sampling5.pdf Graphic file (type pdf)
 <use figs/sampling5.pdf>
Package pdftex.def Info: figs/sampling5.pdf used on input line 6693.
(pdftex.def)             Requested size: 277.51364pt x 346.89621pt.

[130] [131 <D:/Desktopbak/DSP/ThinkDSP/book/figs/sampling4.pdf>] [132 <D:/Deskt
opbak/DSP/ThinkDSP/book/figs/sampling5.pdf>]
<figs/sampling6.pdf, id=3589, 867.24pt x 433.62pt>
File: figs/sampling6.pdf Graphic file (type pdf)
 <use figs/sampling6.pdf>
Package pdftex.def Info: figs/sampling6.pdf used on input line 6717.
(pdftex.def)             Requested size: 361.35353pt x 180.67499pt.

[133 <D:/Desktopbak/DSP/ThinkDSP/book/figs/sampling6.pdf>]
<figs/sampling8.pdf, id=3633, 578.16pt x 433.62pt>
File: figs/sampling8.pdf Graphic file (type pdf)
 <use figs/sampling8.pdf>
Package pdftex.def Info: figs/sampling8.pdf used on input line 6751.
(pdftex.def)             Requested size: 240.90234pt x 180.67499pt.

[134 <D:/Desktopbak/DSP/ThinkDSP/book/figs/sampling8.pdf>]
Overfull \hbox (8.6394pt too wide) in paragraph at lines 6804--6809
[]\T1/ppl/b/n/12 Exercise 11.2 \T1/ppl/m/n/12 Chris ``Mon-ty'' Mont-gomery has 
an ex-cel-len-t video called ``D/A
 []

[135] [136

] (D:\Desktopbak\DSP\ThinkDSP\book\book.ind [137


])
Package atveryend Info: Empty hook `BeforeClearDocument' on input line 6833.
Package atveryend Info: Empty hook `AfterLastShipout' on input line 6833.

(D:\Desktopbak\DSP\ThinkDSP\book\book.aux)
Package atveryend Info: Executing hook `AtVeryEndDocument' on input line 6833.
Package atveryend Info: Executing hook `AtEndAfterFileList' on input line 6833.



Package rerunfilecheck Warning: File `book.out' has changed.
(rerunfilecheck)                Rerun to get outlines right
(rerunfilecheck)                or use package `bookmark'.

Package rerunfilecheck Info: Checksums for `book.out':
(rerunfilecheck)             Before: 8E3EF1E2627A5EF447C11EDAACEBA4FE;16865
(rerunfilecheck)             After:  0C11AA47C1B96205B36B97E4886B2835;5865.
 ) 
Here is how much of TeX's memory you used:
 9196 strings out of 495354
 134265 string characters out of 3183859
 219150 words of memory out of 3000000
 11731 multiletter control sequences out of 15000+200000
 42519 words of font info for 93 fonts, out of 3000000 for 9000
 14 hyphenation exceptions out of 8191
 44i,8n,43p,414b,493s stack positions out of 5000i,500n,10000p,200000b,50000s
{G:/ctex/MiKTeX/fonts/enc/dvips/cm-super/cm-super-t1.enc}{G:/ctex/MiKTeX/font
s/enc/dvips/cm-super/cm-super-ts1.enc}{G:/ctex/MiKTeX/fonts/enc/dvips/fontname/
8r.enc}<G:/ctex/MiKTeX/fonts/type1/public/amsfonts/cm/cmex10.pfb><G:/ctex/MiKTe
X/fonts/type1/public/amsfonts/cm/cmmi10.pfb><G:/ctex/MiKTeX/fonts/type1/public/
amsfonts/cm/cmmi12.pfb><G:/ctex/MiKTeX/fonts/type1/public/amsfonts/cm/cmmi8.pfb
><G:/ctex/MiKTeX/fonts/type1/public/amsfonts/cm/cmr10.pfb><G:/ctex/MiKTeX/fonts
/type1/public/amsfonts/cm/cmr12.pfb><G:/ctex/MiKTeX/fonts/type1/public/amsfonts
/cm/cmsy10.pfb><G:/ctex/MiKTeX/fonts/type1/public/amsfonts/cm/cmtt12.pfb><G:/ct
ex/MiKTeX/fonts/type1/public/mathpazo/fplmr.pfb><G:/ctex/MiKTeX/fonts/type1/pub
lic/mathpazo/fplmri.pfb><G:/ctex/MiKTeX/fonts/type1/public/cm-super/sfss1200.pf
b><G:/ctex/MiKTeX/fonts/type1/public/cm-super/sftt1000.pfb><G:/ctex/MiKTeX/font
s/type1/public/cm-super/sftt1200.pfb><G:/ctex/MiKTeX/fonts/type1/urw/palatino/u
plb8a.pfb><G:/ctex/MiKTeX/fonts/type1/urw/palatino/uplr8a.pfb><G:/ctex/MiKTeX/f
onts/type1/urw/palatino/uplr8a.pfb><G:/ctex/MiKTeX/fonts/type1/urw/palatino/upl
ri8a.pfb>
Output written on book.pdf (149 pages, 4636599 bytes).
PDF statistics:
 3831 PDF objects out of 4296 (max. 8388607)
 410 named destinations out of 1000 (max. 500000)
 1098 words of extra memory for PDF output out of 10000 (max. 10000000)

