\BOOKMARK [0][-]{chapter*.1}{\376\377\000\120\000\162\000\145\000\146\000\141\000\143\000\145}{}% 1
\BOOKMARK [1][-]{section.0.1}{\376\377\000\127\000\150\000\157\000\040\000\151\000\163\000\040\000\164\000\150\000\151\000\163\000\040\000\142\000\157\000\157\000\153\000\040\000\146\000\157\000\162\000\077}{chapter*.1}% 2
\BOOKMARK [1][-]{section.0.2}{\376\377\000\125\000\163\000\151\000\156\000\147\000\040\000\164\000\150\000\145\000\040\000\143\000\157\000\144\000\145}{chapter*.1}% 3
\BOOKMARK [0][-]{chapter.1}{\376\377\000\123\000\157\000\165\000\156\000\144\000\163\000\040\000\141\000\156\000\144\000\040\000\163\000\151\000\147\000\156\000\141\000\154\000\163}{}% 4
\BOOKMARK [1][-]{section.1.1}{\376\377\000\120\000\145\000\162\000\151\000\157\000\144\000\151\000\143\000\040\000\163\000\151\000\147\000\156\000\141\000\154\000\163}{chapter.1}% 5
\BOOKMARK [1][-]{section.1.2}{\376\377\000\123\000\160\000\145\000\143\000\164\000\162\000\141\000\154\000\040\000\144\000\145\000\143\000\157\000\155\000\160\000\157\000\163\000\151\000\164\000\151\000\157\000\156}{chapter.1}% 6
\BOOKMARK [1][-]{section.1.3}{\376\377\000\123\000\151\000\147\000\156\000\141\000\154\000\163}{chapter.1}% 7
\BOOKMARK [1][-]{section.1.4}{\376\377\000\122\000\145\000\141\000\144\000\151\000\156\000\147\000\040\000\141\000\156\000\144\000\040\000\167\000\162\000\151\000\164\000\151\000\156\000\147\000\040\000\127\000\141\000\166\000\145\000\163}{chapter.1}% 8
\BOOKMARK [1][-]{section.1.5}{\376\377\000\123\000\160\000\145\000\143\000\164\000\162\000\165\000\155\000\163}{chapter.1}% 9
\BOOKMARK [1][-]{section.1.6}{\376\377\000\127\000\141\000\166\000\145\000\040\000\157\000\142\000\152\000\145\000\143\000\164\000\163}{chapter.1}% 10
\BOOKMARK [1][-]{section.1.7}{\376\377\000\123\000\151\000\147\000\156\000\141\000\154\000\040\000\157\000\142\000\152\000\145\000\143\000\164\000\163}{chapter.1}% 11
\BOOKMARK [1][-]{section.1.8}{\376\377\000\105\000\170\000\145\000\162\000\143\000\151\000\163\000\145\000\163}{chapter.1}% 12
\BOOKMARK [0][-]{chapter.2}{\376\377\000\110\000\141\000\162\000\155\000\157\000\156\000\151\000\143\000\163}{}% 13
\BOOKMARK [1][-]{section.2.1}{\376\377\000\124\000\162\000\151\000\141\000\156\000\147\000\154\000\145\000\040\000\167\000\141\000\166\000\145\000\163}{chapter.2}% 14
\BOOKMARK [1][-]{section.2.2}{\376\377\000\123\000\161\000\165\000\141\000\162\000\145\000\040\000\167\000\141\000\166\000\145\000\163}{chapter.2}% 15
\BOOKMARK [1][-]{section.2.3}{\376\377\000\101\000\154\000\151\000\141\000\163\000\151\000\156\000\147}{chapter.2}% 16
\BOOKMARK [1][-]{section.2.4}{\376\377\000\103\000\157\000\155\000\160\000\165\000\164\000\151\000\156\000\147\000\040\000\164\000\150\000\145\000\040\000\163\000\160\000\145\000\143\000\164\000\162\000\165\000\155}{chapter.2}% 17
\BOOKMARK [1][-]{section.2.5}{\376\377\000\105\000\170\000\145\000\162\000\143\000\151\000\163\000\145\000\163}{chapter.2}% 18
\BOOKMARK [0][-]{chapter.3}{\376\377\000\116\000\157\000\156\000\055\000\160\000\145\000\162\000\151\000\157\000\144\000\151\000\143\000\040\000\163\000\151\000\147\000\156\000\141\000\154\000\163}{}% 19
\BOOKMARK [1][-]{section.3.1}{\376\377\000\114\000\151\000\156\000\145\000\141\000\162\000\040\000\143\000\150\000\151\000\162\000\160}{chapter.3}% 20
\BOOKMARK [1][-]{section.3.2}{\376\377\000\105\000\170\000\160\000\157\000\156\000\145\000\156\000\164\000\151\000\141\000\154\000\040\000\143\000\150\000\151\000\162\000\160}{chapter.3}% 21
\BOOKMARK [1][-]{section.3.3}{\376\377\000\123\000\160\000\145\000\143\000\164\000\162\000\165\000\155\000\040\000\157\000\146\000\040\000\141\000\040\000\143\000\150\000\151\000\162\000\160}{chapter.3}% 22
\BOOKMARK [1][-]{section.3.4}{\376\377\000\123\000\160\000\145\000\143\000\164\000\162\000\157\000\147\000\162\000\141\000\155}{chapter.3}% 23
\BOOKMARK [1][-]{section.3.5}{\376\377\000\124\000\150\000\145\000\040\000\107\000\141\000\142\000\157\000\162\000\040\000\154\000\151\000\155\000\151\000\164}{chapter.3}% 24
\BOOKMARK [1][-]{section.3.6}{\376\377\000\114\000\145\000\141\000\153\000\141\000\147\000\145}{chapter.3}% 25
\BOOKMARK [1][-]{section.3.7}{\376\377\000\127\000\151\000\156\000\144\000\157\000\167\000\151\000\156\000\147}{chapter.3}% 26
\BOOKMARK [1][-]{section.3.8}{\376\377\000\111\000\155\000\160\000\154\000\145\000\155\000\145\000\156\000\164\000\151\000\156\000\147\000\040\000\163\000\160\000\145\000\143\000\164\000\162\000\157\000\147\000\162\000\141\000\155\000\163}{chapter.3}% 27
\BOOKMARK [1][-]{section.3.9}{\376\377\000\105\000\170\000\145\000\162\000\143\000\151\000\163\000\145\000\163}{chapter.3}% 28
\BOOKMARK [0][-]{chapter.4}{\376\377\000\116\000\157\000\151\000\163\000\145}{}% 29
\BOOKMARK [1][-]{section.4.1}{\376\377\000\125\000\156\000\143\000\157\000\162\000\162\000\145\000\154\000\141\000\164\000\145\000\144\000\040\000\156\000\157\000\151\000\163\000\145}{chapter.4}% 30
\BOOKMARK [1][-]{section.4.2}{\376\377\000\111\000\156\000\164\000\145\000\147\000\162\000\141\000\164\000\145\000\144\000\040\000\163\000\160\000\145\000\143\000\164\000\162\000\165\000\155}{chapter.4}% 31
\BOOKMARK [1][-]{section.4.3}{\376\377\000\102\000\162\000\157\000\167\000\156\000\151\000\141\000\156\000\040\000\156\000\157\000\151\000\163\000\145}{chapter.4}% 32
\BOOKMARK [1][-]{section.4.4}{\376\377\000\120\000\151\000\156\000\153\000\040\000\116\000\157\000\151\000\163\000\145}{chapter.4}% 33
\BOOKMARK [1][-]{section.4.5}{\376\377\000\107\000\141\000\165\000\163\000\163\000\151\000\141\000\156\000\040\000\156\000\157\000\151\000\163\000\145}{chapter.4}% 34
\BOOKMARK [1][-]{section.4.6}{\376\377\000\105\000\170\000\145\000\162\000\143\000\151\000\163\000\145\000\163}{chapter.4}% 35
\BOOKMARK [0][-]{chapter.5}{\376\377\000\101\000\165\000\164\000\157\000\143\000\157\000\162\000\162\000\145\000\154\000\141\000\164\000\151\000\157\000\156}{}% 36
\BOOKMARK [1][-]{section.5.1}{\376\377\000\103\000\157\000\162\000\162\000\145\000\154\000\141\000\164\000\151\000\157\000\156}{chapter.5}% 37
\BOOKMARK [1][-]{section.5.2}{\376\377\000\123\000\145\000\162\000\151\000\141\000\154\000\040\000\143\000\157\000\162\000\162\000\145\000\154\000\141\000\164\000\151\000\157\000\156}{chapter.5}% 38
\BOOKMARK [1][-]{section.5.3}{\376\377\000\101\000\165\000\164\000\157\000\143\000\157\000\162\000\162\000\145\000\154\000\141\000\164\000\151\000\157\000\156}{chapter.5}% 39
\BOOKMARK [1][-]{section.5.4}{\376\377\000\101\000\165\000\164\000\157\000\143\000\157\000\162\000\162\000\145\000\154\000\141\000\164\000\151\000\157\000\156\000\040\000\157\000\146\000\040\000\160\000\145\000\162\000\151\000\157\000\144\000\151\000\143\000\040\000\163\000\151\000\147\000\156\000\141\000\154\000\163}{chapter.5}% 40
\BOOKMARK [1][-]{section.5.5}{\376\377\000\103\000\157\000\162\000\162\000\145\000\154\000\141\000\164\000\151\000\157\000\156\000\040\000\141\000\163\000\040\000\144\000\157\000\164\000\040\000\160\000\162\000\157\000\144\000\165\000\143\000\164}{chapter.5}% 41
\BOOKMARK [1][-]{section.5.6}{\376\377\000\125\000\163\000\151\000\156\000\147\000\040\000\116\000\165\000\155\000\120\000\171}{chapter.5}% 42
\BOOKMARK [1][-]{section.5.7}{\376\377\000\105\000\170\000\145\000\162\000\143\000\151\000\163\000\145\000\163}{chapter.5}% 43
\BOOKMARK [0][-]{chapter.6}{\376\377\000\104\000\151\000\163\000\143\000\162\000\145\000\164\000\145\000\040\000\143\000\157\000\163\000\151\000\156\000\145\000\040\000\164\000\162\000\141\000\156\000\163\000\146\000\157\000\162\000\155}{}% 44
\BOOKMARK [1][-]{section.6.1}{\376\377\000\123\000\171\000\156\000\164\000\150\000\145\000\163\000\151\000\163}{chapter.6}% 45
\BOOKMARK [1][-]{section.6.2}{\376\377\000\123\000\171\000\156\000\164\000\150\000\145\000\163\000\151\000\163\000\040\000\167\000\151\000\164\000\150\000\040\000\141\000\162\000\162\000\141\000\171\000\163}{chapter.6}% 46
\BOOKMARK [1][-]{section.6.3}{\376\377\000\101\000\156\000\141\000\154\000\171\000\163\000\151\000\163}{chapter.6}% 47
\BOOKMARK [1][-]{section.6.4}{\376\377\000\117\000\162\000\164\000\150\000\157\000\147\000\157\000\156\000\141\000\154\000\040\000\155\000\141\000\164\000\162\000\151\000\143\000\145\000\163}{chapter.6}% 48
\BOOKMARK [1][-]{section.6.5}{\376\377\000\104\000\103\000\124\000\055\000\111\000\126}{chapter.6}% 49
\BOOKMARK [1][-]{section.6.6}{\376\377\000\111\000\156\000\166\000\145\000\162\000\163\000\145\000\040\000\104\000\103\000\124}{chapter.6}% 50
\BOOKMARK [1][-]{section.6.7}{\376\377\000\124\000\150\000\145\000\040\000\104\000\143\000\164\000\040\000\143\000\154\000\141\000\163\000\163}{chapter.6}% 51
\BOOKMARK [1][-]{section.6.8}{\376\377\000\105\000\170\000\145\000\162\000\143\000\151\000\163\000\145\000\163}{chapter.6}% 52
\BOOKMARK [0][-]{chapter.7}{\376\377\000\104\000\151\000\163\000\143\000\162\000\145\000\164\000\145\000\040\000\106\000\157\000\165\000\162\000\151\000\145\000\162\000\040\000\124\000\162\000\141\000\156\000\163\000\146\000\157\000\162\000\155}{}% 53
\BOOKMARK [1][-]{section.7.1}{\376\377\000\103\000\157\000\155\000\160\000\154\000\145\000\170\000\040\000\145\000\170\000\160\000\157\000\156\000\145\000\156\000\164\000\151\000\141\000\154\000\163}{chapter.7}% 54
\BOOKMARK [1][-]{section.7.2}{\376\377\000\103\000\157\000\155\000\160\000\154\000\145\000\170\000\040\000\163\000\151\000\147\000\156\000\141\000\154\000\163}{chapter.7}% 55
\BOOKMARK [1][-]{section.7.3}{\376\377\000\124\000\150\000\145\000\040\000\163\000\171\000\156\000\164\000\150\000\145\000\163\000\151\000\163\000\040\000\160\000\162\000\157\000\142\000\154\000\145\000\155}{chapter.7}% 56
\BOOKMARK [1][-]{section.7.4}{\376\377\000\123\000\171\000\156\000\164\000\150\000\145\000\163\000\151\000\163\000\040\000\167\000\151\000\164\000\150\000\040\000\155\000\141\000\164\000\162\000\151\000\143\000\145\000\163}{chapter.7}% 57
\BOOKMARK [1][-]{section.7.5}{\376\377\000\124\000\150\000\145\000\040\000\141\000\156\000\141\000\154\000\171\000\163\000\151\000\163\000\040\000\160\000\162\000\157\000\142\000\154\000\145\000\155}{chapter.7}% 58
\BOOKMARK [1][-]{section.7.6}{\376\377\000\105\000\146\000\146\000\151\000\143\000\151\000\145\000\156\000\164\000\040\000\141\000\156\000\141\000\154\000\171\000\163\000\151\000\163}{chapter.7}% 59
\BOOKMARK [1][-]{section.7.7}{\376\377\000\104\000\106\000\124}{chapter.7}% 60
\BOOKMARK [1][-]{section.7.8}{\376\377\000\124\000\150\000\145\000\040\000\104\000\106\000\124\000\040\000\151\000\163\000\040\000\160\000\145\000\162\000\151\000\157\000\144\000\151\000\143}{chapter.7}% 61
\BOOKMARK [1][-]{section.7.9}{\376\377\000\104\000\106\000\124\000\040\000\157\000\146\000\040\000\162\000\145\000\141\000\154\000\040\000\163\000\151\000\147\000\156\000\141\000\154\000\163}{chapter.7}% 62
\BOOKMARK [1][-]{section.7.10}{\376\377\000\105\000\170\000\145\000\162\000\143\000\151\000\163\000\145\000\163}{chapter.7}% 63
\BOOKMARK [0][-]{chapter.8}{\376\377\000\106\000\151\000\154\000\164\000\145\000\162\000\151\000\156\000\147\000\040\000\141\000\156\000\144\000\040\000\103\000\157\000\156\000\166\000\157\000\154\000\165\000\164\000\151\000\157\000\156}{}% 64
\BOOKMARK [1][-]{section.8.1}{\376\377\000\123\000\155\000\157\000\157\000\164\000\150\000\151\000\156\000\147}{chapter.8}% 65
\BOOKMARK [1][-]{section.8.2}{\376\377\000\103\000\157\000\156\000\166\000\157\000\154\000\165\000\164\000\151\000\157\000\156}{chapter.8}% 66
\BOOKMARK [1][-]{section.8.3}{\376\377\000\124\000\150\000\145\000\040\000\146\000\162\000\145\000\161\000\165\000\145\000\156\000\143\000\171\000\040\000\144\000\157\000\155\000\141\000\151\000\156}{chapter.8}% 67
\BOOKMARK [1][-]{section.8.4}{\376\377\000\124\000\150\000\145\000\040\000\143\000\157\000\156\000\166\000\157\000\154\000\165\000\164\000\151\000\157\000\156\000\040\000\164\000\150\000\145\000\157\000\162\000\145\000\155}{chapter.8}% 68
\BOOKMARK [1][-]{section.8.5}{\376\377\000\107\000\141\000\165\000\163\000\163\000\151\000\141\000\156\000\040\000\146\000\151\000\154\000\164\000\145\000\162}{chapter.8}% 69
\BOOKMARK [1][-]{section.8.6}{\376\377\000\105\000\146\000\146\000\151\000\143\000\151\000\145\000\156\000\164\000\040\000\143\000\157\000\156\000\166\000\157\000\154\000\165\000\164\000\151\000\157\000\156}{chapter.8}% 70
\BOOKMARK [1][-]{section.8.7}{\376\377\000\105\000\146\000\146\000\151\000\143\000\151\000\145\000\156\000\164\000\040\000\141\000\165\000\164\000\157\000\143\000\157\000\162\000\162\000\145\000\154\000\141\000\164\000\151\000\157\000\156}{chapter.8}% 71
\BOOKMARK [1][-]{section.8.8}{\376\377\000\105\000\170\000\145\000\162\000\143\000\151\000\163\000\145\000\163}{chapter.8}% 72
\BOOKMARK [0][-]{chapter.9}{\376\377\000\104\000\151\000\146\000\146\000\145\000\162\000\145\000\156\000\164\000\151\000\141\000\164\000\151\000\157\000\156\000\040\000\141\000\156\000\144\000\040\000\111\000\156\000\164\000\145\000\147\000\162\000\141\000\164\000\151\000\157\000\156}{}% 73
\BOOKMARK [1][-]{section.9.1}{\376\377\000\106\000\151\000\156\000\151\000\164\000\145\000\040\000\144\000\151\000\146\000\146\000\145\000\162\000\145\000\156\000\143\000\145\000\163}{chapter.9}% 74
\BOOKMARK [1][-]{section.9.2}{\376\377\000\124\000\150\000\145\000\040\000\146\000\162\000\145\000\161\000\165\000\145\000\156\000\143\000\171\000\040\000\144\000\157\000\155\000\141\000\151\000\156}{chapter.9}% 75
\BOOKMARK [1][-]{section.9.3}{\376\377\000\104\000\151\000\146\000\146\000\145\000\162\000\145\000\156\000\164\000\151\000\141\000\164\000\151\000\157\000\156}{chapter.9}% 76
\BOOKMARK [1][-]{section.9.4}{\376\377\000\111\000\156\000\164\000\145\000\147\000\162\000\141\000\164\000\151\000\157\000\156}{chapter.9}% 77
\BOOKMARK [1][-]{section.9.5}{\376\377\000\103\000\165\000\155\000\165\000\154\000\141\000\164\000\151\000\166\000\145\000\040\000\163\000\165\000\155}{chapter.9}% 78
\BOOKMARK [1][-]{section.9.6}{\376\377\000\111\000\156\000\164\000\145\000\147\000\162\000\141\000\164\000\151\000\156\000\147\000\040\000\156\000\157\000\151\000\163\000\145}{chapter.9}% 79
\BOOKMARK [1][-]{section.9.7}{\376\377\000\105\000\170\000\145\000\162\000\143\000\151\000\163\000\145\000\163}{chapter.9}% 80
\BOOKMARK [0][-]{chapter.10}{\376\377\000\114\000\124\000\111\000\040\000\163\000\171\000\163\000\164\000\145\000\155\000\163}{}% 81
\BOOKMARK [1][-]{section.10.1}{\376\377\000\123\000\151\000\147\000\156\000\141\000\154\000\163\000\040\000\141\000\156\000\144\000\040\000\163\000\171\000\163\000\164\000\145\000\155\000\163}{chapter.10}% 82
\BOOKMARK [1][-]{section.10.2}{\376\377\000\127\000\151\000\156\000\144\000\157\000\167\000\163\000\040\000\141\000\156\000\144\000\040\000\146\000\151\000\154\000\164\000\145\000\162\000\163}{chapter.10}% 83
\BOOKMARK [1][-]{section.10.3}{\376\377\000\101\000\143\000\157\000\165\000\163\000\164\000\151\000\143\000\040\000\162\000\145\000\163\000\160\000\157\000\156\000\163\000\145}{chapter.10}% 84
\BOOKMARK [1][-]{section.10.4}{\376\377\000\123\000\171\000\163\000\164\000\145\000\155\000\163\000\040\000\141\000\156\000\144\000\040\000\143\000\157\000\156\000\166\000\157\000\154\000\165\000\164\000\151\000\157\000\156}{chapter.10}% 85
\BOOKMARK [1][-]{section.10.5}{\376\377\000\120\000\162\000\157\000\157\000\146\000\040\000\157\000\146\000\040\000\164\000\150\000\145\000\040\000\103\000\157\000\156\000\166\000\157\000\154\000\165\000\164\000\151\000\157\000\156\000\040\000\124\000\150\000\145\000\157\000\162\000\145\000\155}{chapter.10}% 86
\BOOKMARK [1][-]{section.10.6}{\376\377\000\105\000\170\000\145\000\162\000\143\000\151\000\163\000\145\000\163}{chapter.10}% 87
\BOOKMARK [0][-]{chapter.11}{\376\377\000\115\000\157\000\144\000\165\000\154\000\141\000\164\000\151\000\157\000\156\000\040\000\141\000\156\000\144\000\040\000\163\000\141\000\155\000\160\000\154\000\151\000\156\000\147}{}% 88
\BOOKMARK [1][-]{section.11.1}{\376\377\000\103\000\157\000\156\000\166\000\157\000\154\000\165\000\164\000\151\000\157\000\156\000\040\000\167\000\151\000\164\000\150\000\040\000\151\000\155\000\160\000\165\000\154\000\163\000\145\000\163}{chapter.11}% 89
\BOOKMARK [1][-]{section.11.2}{\376\377\000\101\000\155\000\160\000\154\000\151\000\164\000\165\000\144\000\145\000\040\000\155\000\157\000\144\000\165\000\154\000\141\000\164\000\151\000\157\000\156}{chapter.11}% 90
\BOOKMARK [1][-]{section.11.3}{\376\377\000\123\000\141\000\155\000\160\000\154\000\151\000\156\000\147}{chapter.11}% 91
\BOOKMARK [1][-]{section.11.4}{\376\377\000\101\000\154\000\151\000\141\000\163\000\151\000\156\000\147}{chapter.11}% 92
\BOOKMARK [1][-]{section.11.5}{\376\377\000\111\000\156\000\164\000\145\000\162\000\160\000\157\000\154\000\141\000\164\000\151\000\157\000\156}{chapter.11}% 93
\BOOKMARK [1][-]{section.11.6}{\376\377\000\105\000\170\000\145\000\162\000\143\000\151\000\163\000\145\000\163}{chapter.11}% 94
